{"C:\\Users\\antjs\\White-Paper-Toolkit\\src\\utils\\colors.js": {"path":"C:\\Users\\antjs\\White-Paper-Toolkit\\src\\utils\\colors.js","statementMap":{"0":{"start":{"line":8,"column":10},"end":{"line":8,"column":43}},"1":{"start":{"line":9,"column":2},"end":{"line":9,"column":66}},"2":{"start":{"line":9,"column":22},"end":{"line":9,"column":66}},"3":{"start":{"line":9,"column":48},"end":{"line":9,"column":55}},"4":{"start":{"line":10,"column":12},"end":{"line":10,"column":27}},"5":{"start":{"line":11,"column":10},"end":{"line":11,"column":25}},"6":{"start":{"line":11,"column":31},"end":{"line":11,"column":45}},"7":{"start":{"line":11,"column":51},"end":{"line":11,"column":58}},"8":{"start":{"line":12,"column":2},"end":{"line":12,"column":53}},"9":{"start":{"line":13,"column":2},"end":{"line":13,"column":53}},"10":{"start":{"line":14,"column":2},"end":{"line":14,"column":53}},"11":{"start":{"line":15,"column":12},"end":{"line":15,"column":50}},"12":{"start":{"line":15,"column":19},"end":{"line":15,"column":50}},"13":{"start":{"line":16,"column":2},"end":{"line":16,"column":34}}},"fnMap":{"0":{"name":"lighten","decl":{"start":{"line":7,"column":16},"end":{"line":7,"column":23}},"loc":{"start":{"line":7,"column":40},"end":{"line":17,"column":1}},"line":7},"1":{"name":"(anonymous_1)","decl":{"start":{"line":9,"column":42},"end":{"line":9,"column":44}},"loc":{"start":{"line":9,"column":48},"end":{"line":9,"column":55}},"line":9},"2":{"name":"(anonymous_2)","decl":{"start":{"line":15,"column":12},"end":{"line":15,"column":13}},"loc":{"start":{"line":15,"column":19},"end":{"line":15,"column":50}},"line":15}},"branchMap":{"0":{"loc":{"start":{"line":7,"column":29},"end":{"line":7,"column":38}},"type":"default-arg","locations":[{"start":{"line":7,"column":35},"end":{"line":7,"column":38}}],"line":7},"1":{"loc":{"start":{"line":8,"column":10},"end":{"line":8,"column":43}},"type":"binary-expr","locations":[{"start":{"line":8,"column":10},"end":{"line":8,"column":31}},{"start":{"line":8,"column":35},"end":{"line":8,"column":43}}],"line":8},"2":{"loc":{"start":{"line":9,"column":2},"end":{"line":9,"column":66}},"type":"if","locations":[{"start":{"line":9,"column":2},"end":{"line":9,"column":66}},{"start":{},"end":{}}],"line":9}},"s":{"0":1443,"1":1443,"2":4,"3":12,"4":1443,"5":1443,"6":1443,"7":1443,"8":1443,"9":1443,"10":1443,"11":1443,"12":4329,"13":1443},"f":{"0":1443,"1":12,"2":4329},"b":{"0":[1443],"1":[1443,3],"2":[4,1439]},"meta":{"lastBranch":3,"lastFunction":3,"lastStatement":14,"seen":{"f:7:16:7:23":0,"b:7:35:7:38":0,"s:8:10:8:43":0,"b:8:10:8:31:8:35:8:43":1,"b:9:2:9:66:undefined:undefined:undefined:undefined":2,"s:9:2:9:66":1,"s:9:22:9:66":2,"f:9:42:9:44":1,"s:9:48:9:55":3,"s:10:12:10:27":4,"s:11:10:11:25":5,"s:11:31:11:45":6,"s:11:51:11:58":7,"s:12:2:12:53":8,"s:13:2:13:53":9,"s:14:2:14:53":10,"s:15:12:15:50":11,"f:15:12:15:13":2,"s:15:19:15:50":12,"s:16:2:16:34":13}}}
,"C:\\Users\\antjs\\White-Paper-Toolkit\\src\\utils\\dataTransform.js": {"path":"C:\\Users\\antjs\\White-Paper-Toolkit\\src\\utils\\dataTransform.js","statementMap":{"0":{"start":{"line":6,"column":23},"end":{"line":9,"column":84}},"1":{"start":{"line":7,"column":2},"end":{"line":9,"column":84}},"2":{"start":{"line":9,"column":53},"end":{"line":9,"column":61}},"3":{"start":{"line":16,"column":33},"end":{"line":22,"column":2}},"4":{"start":{"line":16,"column":41},"end":{"line":22,"column":1}},"5":{"start":{"line":31,"column":31},"end":{"line":45,"column":1}},"6":{"start":{"line":32,"column":12},"end":{"line":32,"column":44}},"7":{"start":{"line":34,"column":2},"end":{"line":44,"column":5}},"8":{"start":{"line":35,"column":24},"end":{"line":38,"column":61}},"9":{"start":{"line":38,"column":33},"end":{"line":38,"column":60}},"10":{"start":{"line":40,"column":28},"end":{"line":41,"column":58}},"11":{"start":{"line":41,"column":29},"end":{"line":41,"column":57}},"12":{"start":{"line":43,"column":4},"end":{"line":43,"column":42}}},"fnMap":{"0":{"name":"(anonymous_0)","decl":{"start":{"line":6,"column":23},"end":{"line":6,"column":24}},"loc":{"start":{"line":7,"column":2},"end":{"line":9,"column":84}},"line":7},"1":{"name":"(anonymous_1)","decl":{"start":{"line":9,"column":48},"end":{"line":9,"column":49}},"loc":{"start":{"line":9,"column":53},"end":{"line":9,"column":61}},"line":9},"2":{"name":"(anonymous_2)","decl":{"start":{"line":16,"column":33},"end":{"line":16,"column":34}},"loc":{"start":{"line":16,"column":41},"end":{"line":22,"column":1}},"line":16},"3":{"name":"(anonymous_3)","decl":{"start":{"line":31,"column":31},"end":{"line":31,"column":32}},"loc":{"start":{"line":31,"column":87},"end":{"line":45,"column":1}},"line":31},"4":{"name":"(anonymous_4)","decl":{"start":{"line":34,"column":26},"end":{"line":34,"column":27}},"loc":{"start":{"line":34,"column":33},"end":{"line":44,"column":3}},"line":34},"5":{"name":"(anonymous_5)","decl":{"start":{"line":38,"column":26},"end":{"line":38,"column":27}},"loc":{"start":{"line":38,"column":33},"end":{"line":38,"column":60}},"line":38},"6":{"name":"(anonymous_6)","decl":{"start":{"line":41,"column":22},"end":{"line":41,"column":23}},"loc":{"start":{"line":41,"column":29},"end":{"line":41,"column":57}},"line":41}},"branchMap":{"0":{"loc":{"start":{"line":7,"column":2},"end":{"line":9,"column":84}},"type":"cond-expr","locations":[{"start":{"line":8,"column":6},"end":{"line":8,"column":7}},{"start":{"line":9,"column":7},"end":{"line":9,"column":83}}],"line":7},"1":{"loc":{"start":{"line":9,"column":7},"end":{"line":9,"column":83}},"type":"cond-expr","locations":[{"start":{"line":9,"column":31},"end":{"line":9,"column":78}},{"start":{"line":9,"column":81},"end":{"line":9,"column":83}}],"line":9},"2":{"loc":{"start":{"line":21,"column":20},"end":{"line":21,"column":63}},"type":"binary-expr","locations":[{"start":{"line":21,"column":20},"end":{"line":21,"column":38}},{"start":{"line":21,"column":42},"end":{"line":21,"column":57}},{"start":{"line":21,"column":61},"end":{"line":21,"column":63}}],"line":21},"3":{"loc":{"start":{"line":31,"column":43},"end":{"line":31,"column":59}},"type":"default-arg","locations":[{"start":{"line":31,"column":57},"end":{"line":31,"column":59}}],"line":31},"4":{"loc":{"start":{"line":31,"column":61},"end":{"line":31,"column":82}},"type":"default-arg","locations":[{"start":{"line":31,"column":80},"end":{"line":31,"column":82}}],"line":31},"5":{"loc":{"start":{"line":35,"column":24},"end":{"line":38,"column":61}},"type":"binary-expr","locations":[{"start":{"line":35,"column":24},"end":{"line":35,"column":26}},{"start":{"line":36,"column":6},"end":{"line":36,"column":39}},{"start":{"line":37,"column":6},"end":{"line":37,"column":45}},{"start":{"line":38,"column":6},"end":{"line":38,"column":61}}],"line":35},"6":{"loc":{"start":{"line":38,"column":7},"end":{"line":38,"column":19}},"type":"binary-expr","locations":[{"start":{"line":38,"column":7},"end":{"line":38,"column":13}},{"start":{"line":38,"column":17},"end":{"line":38,"column":19}}],"line":38},"7":{"loc":{"start":{"line":40,"column":28},"end":{"line":41,"column":58}},"type":"binary-expr","locations":[{"start":{"line":40,"column":28},"end":{"line":40,"column":52}},{"start":{"line":41,"column":6},"end":{"line":41,"column":58}}],"line":40},"8":{"loc":{"start":{"line":43,"column":11},"end":{"line":43,"column":41}},"type":"binary-expr","locations":[{"start":{"line":43,"column":11},"end":{"line":43,"column":22}},{"start":{"line":43,"column":26},"end":{"line":43,"column":41}}],"line":43}},"s":{"0":2,"1":499,"2":45,"3":2,"4":162,"5":2,"6":17,"7":17,"8":44,"9":42,"10":44,"11":12,"12":44},"f":{"0":499,"1":45,"2":162,"3":17,"4":44,"5":42,"6":12},"b":{"0":[462,37],"1":[30,7],"2":[162,2,1],"3":[17],"4":[17],"5":[44,28,21,21],"6":[21,0],"7":[44,13],"8":[44,27]},"meta":{"lastBranch":9,"lastFunction":7,"lastStatement":13,"seen":{"s:6:23:9:84":0,"f:6:23:6:24":0,"s:7:2:9:84":1,"b:8:6:8:7:9:7:9:83":0,"b:9:31:9:78:9:81:9:83":1,"f:9:48:9:49":1,"s:9:53:9:61":2,"s:16:33:22:2":3,"f:16:33:16:34":2,"s:16:41:22:1":4,"b:21:20:21:38:21:42:21:57:21:61:21:63":2,"s:31:31:45:1":5,"f:31:31:31:32":3,"b:31:57:31:59":3,"b:31:80:31:82":4,"s:32:12:32:44":6,"s:34:2:44:5":7,"f:34:26:34:27":4,"s:35:24:38:61":8,"b:35:24:35:26:36:6:36:39:37:6:37:45:38:6:38:61":5,"b:38:7:38:13:38:17:38:19":6,"f:38:26:38:27":5,"s:38:33:38:60":9,"s:40:28:41:58":10,"b:40:28:40:52:41:6:41:58":7,"f:41:22:41:23":6,"s:41:29:41:57":11,"s:43:4:43:42":12,"b:43:11:43:22:43:26:43:41":8}}}
,"C:\\Users\\antjs\\White-Paper-Toolkit\\src\\utils\\urlState.js": {"path":"C:\\Users\\antjs\\White-Paper-Toolkit\\src\\utils\\urlState.js","statementMap":{"0":{"start":{"line":6,"column":30},"end":{"line":21,"column":1}},"1":{"start":{"line":7,"column":17},"end":{"line":7,"column":50}},"2":{"start":{"line":9,"column":12},"end":{"line":9,"column":42}},"3":{"start":{"line":10,"column":16},"end":{"line":10,"column":43}},"4":{"start":{"line":11,"column":18},"end":{"line":11,"column":47}},"5":{"start":{"line":12,"column":22},"end":{"line":12,"column":50}},"6":{"start":{"line":13,"column":19},"end":{"line":13,"column":57}},"7":{"start":{"line":15,"column":2},"end":{"line":20,"column":4}},"8":{"start":{"line":32,"column":33},"end":{"line":53,"column":1}},"9":{"start":{"line":33,"column":17},"end":{"line":33,"column":38}},"10":{"start":{"line":35,"column":2},"end":{"line":37,"column":3}},"11":{"start":{"line":36,"column":4},"end":{"line":36,"column":34}},"12":{"start":{"line":39,"column":2},"end":{"line":41,"column":3}},"13":{"start":{"line":40,"column":4},"end":{"line":40,"column":37}},"14":{"start":{"line":43,"column":2},"end":{"line":45,"column":3}},"15":{"start":{"line":44,"column":4},"end":{"line":44,"column":41}},"16":{"start":{"line":47,"column":2},"end":{"line":49,"column":3}},"17":{"start":{"line":48,"column":4},"end":{"line":48,"column":53}},"18":{"start":{"line":51,"column":22},"end":{"line":51,"column":39}},"19":{"start":{"line":52,"column":2},"end":{"line":52,"column":46}},"20":{"start":{"line":60,"column":32},"end":{"line":64,"column":1}},"21":{"start":{"line":61,"column":22},"end":{"line":61,"column":46}},"22":{"start":{"line":62,"column":14},"end":{"line":62,"column":41}},"23":{"start":{"line":63,"column":2},"end":{"line":63,"column":43}}},"fnMap":{"0":{"name":"(anonymous_0)","decl":{"start":{"line":6,"column":30},"end":{"line":6,"column":31}},"loc":{"start":{"line":6,"column":73},"end":{"line":21,"column":1}},"line":6},"1":{"name":"(anonymous_1)","decl":{"start":{"line":32,"column":33},"end":{"line":32,"column":34}},"loc":{"start":{"line":32,"column":44},"end":{"line":53,"column":1}},"line":32},"2":{"name":"(anonymous_2)","decl":{"start":{"line":60,"column":32},"end":{"line":60,"column":33}},"loc":{"start":{"line":60,"column":80},"end":{"line":64,"column":1}},"line":60}},"branchMap":{"0":{"loc":{"start":{"line":6,"column":31},"end":{"line":6,"column":68}},"type":"default-arg","locations":[{"start":{"line":6,"column":46},"end":{"line":6,"column":68}}],"line":6},"1":{"loc":{"start":{"line":9,"column":13},"end":{"line":9,"column":34}},"type":"binary-expr","locations":[{"start":{"line":9,"column":13},"end":{"line":9,"column":28}},{"start":{"line":9,"column":32},"end":{"line":9,"column":34}}],"line":9},"2":{"loc":{"start":{"line":10,"column":16},"end":{"line":10,"column":43}},"type":"binary-expr","locations":[{"start":{"line":10,"column":16},"end":{"line":10,"column":35}},{"start":{"line":10,"column":39},"end":{"line":10,"column":43}}],"line":10},"3":{"loc":{"start":{"line":11,"column":18},"end":{"line":11,"column":47}},"type":"binary-expr","locations":[{"start":{"line":11,"column":18},"end":{"line":11,"column":39}},{"start":{"line":11,"column":43},"end":{"line":11,"column":47}}],"line":11},"4":{"loc":{"start":{"line":12,"column":22},"end":{"line":12,"column":50}},"type":"binary-expr","locations":[{"start":{"line":12,"column":22},"end":{"line":12,"column":44}},{"start":{"line":12,"column":48},"end":{"line":12,"column":50}}],"line":12},"5":{"loc":{"start":{"line":35,"column":2},"end":{"line":37,"column":3}},"type":"if","locations":[{"start":{"line":35,"column":2},"end":{"line":37,"column":3}},{"start":{},"end":{}}],"line":35},"6":{"loc":{"start":{"line":39,"column":2},"end":{"line":41,"column":3}},"type":"if","locations":[{"start":{"line":39,"column":2},"end":{"line":41,"column":3}},{"start":{},"end":{}}],"line":39},"7":{"loc":{"start":{"line":43,"column":2},"end":{"line":45,"column":3}},"type":"if","locations":[{"start":{"line":43,"column":2},"end":{"line":45,"column":3}},{"start":{},"end":{}}],"line":43},"8":{"loc":{"start":{"line":47,"column":2},"end":{"line":49,"column":3}},"type":"if","locations":[{"start":{"line":47,"column":2},"end":{"line":49,"column":3}},{"start":{},"end":{}}],"line":47},"9":{"loc":{"start":{"line":47,"column":6},"end":{"line":47,"column":49}},"type":"binary-expr","locations":[{"start":{"line":47,"column":6},"end":{"line":47,"column":20}},{"start":{"line":47,"column":24},"end":{"line":47,"column":49}}],"line":47},"10":{"loc":{"start":{"line":52,"column":9},"end":{"line":52,"column":45}},"type":"cond-expr","locations":[{"start":{"line":52,"column":23},"end":{"line":52,"column":40}},{"start":{"line":52,"column":43},"end":{"line":52,"column":45}}],"line":52},"11":{"loc":{"start":{"line":60,"column":40},"end":{"line":60,"column":75}},"type":"default-arg","locations":[{"start":{"line":60,"column":51},"end":{"line":60,"column":75}}],"line":60}},"s":{"0":2,"1":60,"2":60,"3":60,"4":60,"5":60,"6":60,"7":60,"8":2,"9":174,"10":174,"11":110,"12":174,"13":17,"14":174,"15":3,"16":174,"17":22,"18":174,"19":174,"20":2,"21":161,"22":161,"23":161},"f":{"0":60,"1":174,"2":161},"b":{"0":[60],"1":[60,48],"2":[60,52],"3":[60,56],"4":[60,50],"5":[110,64],"6":[17,157],"7":[3,171],"8":[22,152],"9":[174,174],"10":[128,46],"11":[161]},"meta":{"lastBranch":12,"lastFunction":3,"lastStatement":24,"seen":{"s:6:30:21:1":0,"f:6:30:6:31":0,"b:6:46:6:68":0,"s:7:17:7:50":1,"s:9:12:9:42":2,"b:9:13:9:28:9:32:9:34":1,"s:10:16:10:43":3,"b:10:16:10:35:10:39:10:43":2,"s:11:18:11:47":4,"b:11:18:11:39:11:43:11:47":3,"s:12:22:12:50":5,"b:12:22:12:44:12:48:12:50":4,"s:13:19:13:57":6,"s:15:2:20:4":7,"s:32:33:53:1":8,"f:32:33:32:34":1,"s:33:17:33:38":9,"b:35:2:37:3:undefined:undefined:undefined:undefined":5,"s:35:2:37:3":10,"s:36:4:36:34":11,"b:39:2:41:3:undefined:undefined:undefined:undefined":6,"s:39:2:41:3":12,"s:40:4:40:37":13,"b:43:2:45:3:undefined:undefined:undefined:undefined":7,"s:43:2:45:3":14,"s:44:4:44:41":15,"b:47:2:49:3:undefined:undefined:undefined:undefined":8,"s:47:2:49:3":16,"b:47:6:47:20:47:24:47:49":9,"s:48:4:48:53":17,"s:51:22:51:39":18,"s:52:2:52:46":19,"b:52:23:52:40:52:43:52:45":10,"s:60:32:64:1":20,"f:60:32:60:33":2,"b:60:51:60:75":11,"s:61:22:61:46":21,"s:62:14:62:41":22,"s:63:2:63:43":23}}}
}
